make all --print-data-base --no-builtin-variables --no-builtin-rules --question
# GNU Make 3.81
# Copyright (C) 2006  Free Software Foundation, Inc.
# This is free software; see the source for copying conditions.
# There is NO warranty; not even for MERCHANTABILITY or FITNESS FOR A
# PARTICULAR PURPOSE.

# This program built for i386-apple-darwin11.3.0
 

# Make data base, printed on Tue Aug 16 10:33:07 2022

# Variables

# automatic
 
<D = $(patsubst %/,%,$(dir $<))
# automatic
?F = $(notdir $?)
# environment
ELECTRON_NO_ATTACH_CONSOLE = 1
# environment
VSCODE_LOG_NATIVE = false
# automatic
?D = $(patsubst %/,%,$(dir $?))
# automatic
@D = $(patsubst %/,%,$(dir $@))
# automatic
@F = $(notdir $@)
# makefile (from `Makefile', line 29)
BONUS_OBJS = $(BONUS_SRC:.c=.o)
# makefile
CURDIR := /Users/minsukan/Desktop/42/push_swap
# makefile
SHELL = /bin/sh
# makefile (from `Makefile', line 30)
RM = rm
# environment
VSCODE_NLS_CONFIG = {"locale":"ko","availableLanguages":{"*":"ko"},"_languagePackId":"738ac08552cca045871a73764b8c446f.ko","_translationsConfigFile":"/Users/minsukan/Library/Application Support/Code/clp/738ac08552cca045871a73764b8c446f.ko/tcf.json","_cacheRoot":"/Users/minsukan/Library/Application Support/Code/clp/738ac08552cca045871a73764b8c446f.ko","_resolvedLanguagePackCoreLocation":"/Users/minsukan/Library/Application Support/Code/clp/738ac08552cca045871a73764b8c446f.ko/c3511e6c69bb39013c4a4b7b9566ec1ca73fc4d5","_corruptedFile":"/Users/minsukan/Library/Application Support/Code/clp/738ac08552cca045871a73764b8c446f.ko/corrupted.info","_languagePackSupport":true}
# environment
_ = /usr/bin/make
# makefile (from `Makefile', line 2)
CFLAGS = -Wall -Wextra -Werror
# makefile (from `Makefile', line 1)
MAKEFILE_LIST :=  Makefile
# environment
VSCODE_VERBOSE_LOGGING = true
# makefile (from `Makefile', line 28)
OBJS = $(SRCS:.c=.o)
# environment
VSCODE_IPC_HOOK_EXTHOST = /var/folders/zz/zyxvpxvq6csfxvn_n000cr2h00360m/T/vscode-ipc-c2932eda-560a-4d77-935a-3469b6a84884.sock
# environment
VSCODE_CWD = /Users/minsukan/Desktop/42/push_swap
# environment
PATH = /Applications/Visual Studio Code.app/Contents/Resources/app/bin:/usr/local/bin:/usr/bin:/bin:/usr/sbin:/sbin:/usr/local/munki
# environment
LSCOLORS = Gxfxcxdxbxegedabagacad
# environment
VSCODE_LOG_STACK = false
# environment
ELECTRON_RUN_AS_NODE = 1
# default
.FEATURES := target-specific order-only second-expansion else-if archives jobserver check-symlink
# environment
SSH_AUTH_SOCK = /private/tmp/com.apple.launchd.s3uxLHdEDf/Listeners
# automatic
%F = $(notdir $%)
# environment
VSCODE_PIPE_LOGGING = true
# environment
PWD = /Users/minsukan/Desktop/42/push_swap
# environment
ORIGINAL_XDG_CURRENT_DESKTOP = undefined
# environment
VSCODE_AMD_ENTRYPOINT = vs/workbench/api/node/extensionHostProcess
# environment
HOME = /Users/minsukan
# default
MAKEFILEPATH := /Applications/Xcode.app/Contents/Developer/Makefiles
# environment
VSCODE_CLI = 1
# environment
VSCODE_CODE_CACHE_PATH = /Users/minsukan/Library/Application Support/Code/CachedData/c3511e6c69bb39013c4a4b7b9566ec1ca73fc4d5
# environment
LOGNAME = minsukan
# environment
APPLICATION_INSIGHTS_NO_DIAGNOSTIC_CHANNEL = 1
# environment
ZSH = /Users/minsukan/.oh-my-zsh
# environment
VSCODE_HANDLES_UNCAUGHT_ERRORS = true
# automatic
^D = $(patsubst %/,%,$(dir $^))
# environment
XPC_FLAGS = 0x0
# environment
COLORTERM = truecolor
# default
MAKE = $(MAKE_COMMAND)
# environment
LC_TERMINAL = iTerm2
# makefile (from `Makefile', line 3)
SRCS = mandatory/command.c mandatory/indexing.c mandatory/make_stack.c mandatory/memory_cont.c mandatory/push_swap_main.c mandatory/quick_sort.c mandatory/split.c mandatory/a_to_b.c mandatory/exception_case.c mandatory/find_idx.c mandatory/greed.c mandatory/make_stack_util.c mandatory/stack_rotate.c mandatory/command2.c
# environment
SHLVL = 3
# makefile (from `Makefile', line 1)
CC = cc
# default
MAKE_VERSION := 3.81
# environment
USER = minsukan
# makefile
.DEFAULT_GOAL := all
# default
MAKECMDGOALS := all
# environment
TERM_SESSION_ID = w0t0p0:1C0FD6DD-F4DE-435E-8532-F97F85DE6CA4
# makefile (from `Makefile', line 27)
NAME = push_swap
# environment
LESS = -R
# automatic
%D = $(patsubst %/,%,$(dir $%))
# default
MAKE_COMMAND := /Applications/Xcode.app/Contents/Developer/usr/bin/make
# environment
TERM_PROGRAM = iTerm.app
# default
.VARIABLES := 
# environment
TMPDIR = /var/folders/zz/zyxvpxvq6csfxvn_n000cr2h00360m/T/
# automatic
*F = $(notdir $*)
# environment
VSCODE_IPC_HOOK = /Users/minsukan/Library/Application Support/Code/1.67.2-main.sock
# makefile
MAKEFLAGS = Rrqp
# environment
MFLAGS = -Rrqp
# automatic
*D = $(patsubst %/,%,$(dir $*))
# environment
TERM_PROGRAM_VERSION = 3.3.7
# environment
XPC_SERVICE_NAME = 0
# environment
LC_TERMINAL_VERSION = 3.3.7
# automatic
+D = $(patsubst %/,%,$(dir $+))
# automatic
+F = $(notdir $+)
# environment
ITERM_SESSION_ID = w0t0p0:1C0FD6DD-F4DE-435E-8532-F97F85DE6CA4
# environment
COLORFGBG = 7;0
# environment
__CF_USER_TEXT_ENCODING = 0x19814:0x3:0x33
# default
MAKEFILES := 
# automatic
<F = $(notdir $<)
# environment
ITERM_PROFILE = Default
# environment
PAGER = less
# environment
LC_ALL = C
# makefile (from `Makefile', line 18)
BONUS_SRC = bonus/command_bonus.c bonus/command2_bonus.c bonus/checker_main_bonus.c bonus/command_input_bonus.c bonus/make_stack_bonus.c bonus/make_stack_util_bonus.c bonus/memory_bonus.c bonus/split_bonus.c 
# automatic
^F = $(notdir $^)
# default
SUFFIXES := 
# default
.INCLUDE_DIRS = /usr/local/include
# environment
MAKELEVEL := 0
# environment
LANG = C
# environment
TERM = xterm-256color
 
# environment
VSCODE_PID = 92033
# variable set hash-table stats:
# Load=84/1024=8%, Rehash=0, Collisions=6/117=5%

# Pattern-specific Variable Values

# No pattern-specific variable values.

# Directories

# . (device 16777225, inode 1842942): 8 files, no impossibilities.
# mandatory (device 16777225, inode 1967130): 22 files, no impossibilities so far.

# 30 files, no impossibilities in 2 directories.

# Implicit Rules

%.o: %.c
#  commands to execute (from `Makefile', line 39):
	$(CC) $(CFLAGS) -c $^ -o $@
	

# 1 implicit rules, 0 (0.0%) terminal.

# Files

# Not a target:
mandatory/make_stack_util.o:
#  Implicit rule search has not been done.
#  Modification time never checked.
#  File has not been updated.

# Not a target:
mandatory/exception_case.o:
#  Implicit rule search has not been done.
#  Modification time never checked.
#  File has not been updated.

mandatory/quick_sort.o: mandatory/quick_sort.c
#  Implicit rule search has been done.
#  Implicit/static pattern stem: `mandatory/quick_sort'
#  Last modified 2022-08-16 10:32:56
#  File has been updated.
#  Successfully updated.
# variable set hash-table stats:
# Load=0/32=0%, Rehash=0, Collisions=0/0=0%
#  commands to execute (from `Makefile', line 39):
	$(CC) $(CFLAGS) -c $^ -o $@
	

all: push_swap
#  Phony target (prerequisite of .PHONY).
#  Command-line target.
#  Implicit rule search has not been done.
#  File does not exist.
#  File has been updated.
#  Needs to be updated (-q is set).
# variable set hash-table stats:
# Load=0/32=0%, Rehash=0, Collisions=0/4=0%

.PHONY: all clean fclean re
#  Implicit rule search has not been done.
#  Modification time never checked.
#  File has not been updated.

# Not a target:
.SUFFIXES:
#  Implicit rule search has not been done.
#  Modification time never checked.
#  File has not been updated.

mandatory/make_stack.o: mandatory/make_stack.c
#  Implicit rule search has been done.
#  Implicit/static pattern stem: `mandatory/make_stack'
#  Last modified 2022-08-16 10:32:55
#  File has been updated.
#  Successfully updated.
# variable set hash-table stats:
# Load=0/32=0%, Rehash=0, Collisions=0/0=0%
#  commands to execute (from `Makefile', line 39):
	$(CC) $(CFLAGS) -c $^ -o $@
	

# Not a target:
Makefile:
#  Implicit rule search has been done.
#  Last modified 2022-08-16 10:32:51
#  File has been updated.
#  Successfully updated.
# variable set hash-table stats:
# Load=0/32=0%, Rehash=0, Collisions=0/0=0%

mandatory/split.o: mandatory/split.c
#  Implicit rule search has been done.
#  Implicit/static pattern stem: `mandatory/split'
#  Last modified 2022-08-16 10:32:56
#  File has been updated.
#  Successfully updated.
# variable set hash-table stats:
# Load=0/32=0%, Rehash=0, Collisions=0/0=0%
#  commands to execute (from `Makefile', line 39):
	$(CC) $(CFLAGS) -c $^ -o $@
	

# Not a target:
mandatory/quick_sort.c:
#  Implicit rule search has been done.
#  Last modified 2022-08-15 20:10:25
#  File has been updated.
#  Successfully updated.
# variable set hash-table stats:
# Load=0/32=0%, Rehash=0, Collisions=0/0=0%

bonus: push_swap
#  Implicit rule search has not been done.
#  Modification time never checked.
#  File has not been updated.

fclean: clean
#  Phony target (prerequisite of .PHONY).
#  Implicit rule search has not been done.
#  File does not exist.
#  File has not been updated.
#  commands to execute (from `Makefile', line 45):
	$(RM) $(NAME)
	

# Not a target:
mandatory/a_to_b.c:
#  Implicit rule search has been done.
#  Last modified 2022-08-15 20:30:29
#  File has been updated.
#  Successfully updated.
# variable set hash-table stats:
# Load=0/32=0%, Rehash=0, Collisions=0/0=0%

mandatory/command.o: mandatory/command.c
#  Implicit rule search has been done.
#  Implicit/static pattern stem: `mandatory/command'
#  Last modified 2022-08-16 10:32:55
#  File has been updated.
#  Successfully updated.
# variable set hash-table stats:
# Load=0/32=0%, Rehash=0, Collisions=0/0=0%
#  commands to execute (from `Makefile', line 39):
	$(CC) $(CFLAGS) -c $^ -o $@
	

mandatory/memory_cont.o: mandatory/memory_cont.c
#  Implicit rule search has been done.
#  Implicit/static pattern stem: `mandatory/memory_cont'
#  Last modified 2022-08-16 10:32:55
#  File has been updated.
#  Successfully updated.
# variable set hash-table stats:
# Load=0/32=0%, Rehash=0, Collisions=0/0=0%
#  commands to execute (from `Makefile', line 39):
	$(CC) $(CFLAGS) -c $^ -o $@
	

mandatory/indexing.o: mandatory/indexing.c
#  Implicit rule search has been done.
#  Implicit/static pattern stem: `mandatory/indexing'
#  Last modified 2022-08-16 10:32:55
#  File has been updated.
#  Successfully updated.
# variable set hash-table stats:
# Load=0/32=0%, Rehash=0, Collisions=0/0=0%
#  commands to execute (from `Makefile', line 39):
	$(CC) $(CFLAGS) -c $^ -o $@
	

mandatory/a_to_b.o: mandatory/a_to_b.c
#  Implicit rule search has been done.
#  Implicit/static pattern stem: `mandatory/a_to_b'
#  File does not exist.
#  File has been updated.
#  Needs to be updated (-q is set).
# automatic
# @ := mandatory/a_to_b.o
# automatic
# % := 
# automatic
# * := mandatory/a_to_b
# automatic
# + := mandatory/a_to_b.c
# automatic
# | := 
# automatic
# < := mandatory/a_to_b.c
# automatic
# ^ := mandatory/a_to_b.c
# automatic
# ? := mandatory/a_to_b.c
# variable set hash-table stats:
# Load=8/32=25%, Rehash=0, Collisions=1/14=7%
#  commands to execute (from `Makefile', line 39):
	$(CC) $(CFLAGS) -c $^ -o $@
	

mandatory/push_swap_main.o: mandatory/push_swap_main.c
#  Implicit rule search has been done.
#  Implicit/static pattern stem: `mandatory/push_swap_main'
#  Last modified 2022-08-16 10:32:55
#  File has been updated.
#  Successfully updated.
# variable set hash-table stats:
# Load=0/32=0%, Rehash=0, Collisions=0/0=0%
#  commands to execute (from `Makefile', line 39):
	$(CC) $(CFLAGS) -c $^ -o $@
	

# Not a target:
.DEFAULT:
#  Implicit rule search has not been done.
#  Modification time never checked.
#  File has not been updated.

# Not a target:
mandatory/make_stack.c:
#  Implicit rule search has been done.
#  Last modified 2022-08-15 20:15:44
#  File has been updated.
#  Successfully updated.
# variable set hash-table stats:
# Load=0/32=0%, Rehash=0, Collisions=0/0=0%

# Not a target:
mandatory/split.c:
#  Implicit rule search has been done.
#  Last modified 2022-08-15 19:45:27
#  File has been updated.
#  Successfully updated.
# variable set hash-table stats:
# Load=0/32=0%, Rehash=0, Collisions=0/0=0%

re:
#  Phony target (prerequisite of .PHONY).
#  Implicit rule search has not been done.
#  File does not exist.
#  File has not been updated.
#  commands to execute (from `Makefile', line 48):
	make fclean
	make all
	

clean:
#  Phony target (prerequisite of .PHONY).
#  Implicit rule search has not been done.
#  File does not exist.
#  File has not been updated.
#  commands to execute (from `Makefile', line 42):
	$(RM) $(OBJS)
	

push_swap: mandatory/command.o mandatory/indexing.o mandatory/make_stack.o mandatory/memory_cont.o mandatory/push_swap_main.o mandatory/quick_sort.o mandatory/split.o mandatory/a_to_b.o mandatory/exception_case.o mandatory/find_idx.o mandatory/greed.o mandatory/make_stack_util.o mandatory/stack_rotate.o mandatory/command2.o
#  Implicit rule search has not been done.
#  File does not exist.
#  File has been updated.
#  Needs to be updated (-q is set).
# variable set hash-table stats:
# Load=0/32=0%, Rehash=0, Collisions=0/4=0%
#  commands to execute (from `Makefile', line 36):
	$(CC) $^ -o $(NAME)
	

# Not a target:
mandatory/greed.o:
#  Implicit rule search has not been done.
#  Modification time never checked.
#  File has not been updated.

# Not a target:
mandatory/stack_rotate.o:
#  Implicit rule search has not been done.
#  Modification time never checked.
#  File has not been updated.

# Not a target:
mandatory/command.c:
#  Implicit rule search has been done.
#  Last modified 2022-08-13 23:51:01
#  File has been updated.
#  Successfully updated.
# variable set hash-table stats:
# Load=0/32=0%, Rehash=0, Collisions=0/0=0%

# Not a target:
mandatory/memory_cont.c:
#  Implicit rule search has been done.
#  Last modified 2022-08-15 20:17:37
 
#  File has been updated.
#  Successfully updated.
# variable set hash-table stats:
# Load=0/32=0%, Rehash=0, Collisions=0/0=0%

# Not a target:
mandatory/command2.o:
#  Implicit rule search has not been done.
#  Modification time never checked.
#  File has not been updated.

# Not a target:
mandatory/indexing.c:
#  Implicit rule search has been done.
#  Last modified 2022-08-13 23:54:30
#  File has been updated.
#  Successfully updated.
# variable set hash-table stats:
# Load=0/32=0%, Rehash=0, Collisions=0/0=0%

# Not a target:
mandatory/push_swap_main.c:
#  Implicit rule search has been done.
#  Last modified 2022-08-15 20:17:16
#  File has been updated.
#  Successfully updated.
# variable set hash-table stats:
# Load=0/32=0%, Rehash=0, Collisions=0/0=0%

# Not a target:
mandatory/find_idx.o:
#  Implicit rule search has not been done.
#  Modification time never checked.
#  File has not been updated.

# files hash-table stats:
# Load=32/1024=3%, Rehash=0, Collisions=2/90=2%
# VPATH Search Paths

# No `vpath' search paths.

# No general (`VPATH' variable) search path.

# # of strings in strcache: 1
# # of strcache buffers: 1
# strcache size: total = 4096 / max = 4096 / min = 4096 / avg = 4096
# strcache free: total = 4087 / max = 4087 / min = 4087 / avg = 4087

# Finished Make data base on Tue Aug 16 10:33:07 2022

 
